nohup: ignoring input
Reading from file: ../data/paraguay.osm.gr
graphtype: p
n: 1191123. m: 1301171
not connected. ncomp: 1109
maxcmp 0 out of total 1109
num components: 1. num edges: 1229982. num nodes: 1123556
Sampled set of size 52414 has cost 881566364.701675
Sampled set of size 65999 has cost 781189786.697652
Replacing old cost of 8.81566e+08 with 7.8119e+08
Sampled set of size 80257 has cost 544762863.516093
Replacing old cost of 7.8119e+08 with 5.44763e+08
Sampled set of size 61853 has cost 568661849.276852
Sampled set of size 50728 has cost 779441408.119226
Sampled set of size 57692 has cost 736177364.742717
Sampled set of size 26169 has cost 1331872415.850857
Sampled set of size 43924 has cost 994979533.129131
Sampled set of size 61980 has cost 1099176815.224849
Sampled set of size 37246 has cost 879329325.057361
Sampled set of size 61833 has cost 498364221.074024
Replacing old cost of 5.44763e+08 with 4.98364e+08
Sampled set of size 51641 has cost 711390843.254692
Sampled set of size 45138 has cost 924003694.118810
Sampled set of size 17269 has cost 3100567584.180585
Sampled set of size 73245 has cost 603104251.368944
[Phase 1] Thorup sampling complete. Sampled 61833 points from input graph: 1123556 vertices, 1229982 edges.
[Phase 2] Distances gathered
Swapping 15 for 61007. Swap number 1. Current cost: 1.64267e+10. Improvement: 5.97532e+08
Swapping 1 for 15. Swap number 2. Current cost: 1.58291e+10. Improvement: 2.00257e+08
Swapping 0 for 51336. Swap number 3. Current cost: 1.31834e+10. Improvement: 7.21616e+08
Swapping 2 for 0. Swap number 4. Current cost: 1.12255e+10. Improvement: 1.95574e+08
Swapping 3 for 2. Swap number 5. Current cost: 1.0898e+10. Improvement: 4.53033e+08
Swapping 5 for 19155. Swap number 6. Current cost: 1.04441e+10. Improvement: 4.3718e+07
Swapping 96 for 5. Swap number 7. Current cost: 1.00083e+10. Improvement: 2.2936e+08
Swapping 11 for 17702. Swap number 8. Current cost: 9.69185e+09. Improvement: 3.34372e+08
Swapping 26217 for 96. Swap number 9. Current cost: 9.35747e+09. Improvement: 371754
Swapping 15 for 59297. Swap number 10. Current cost: 9.35696e+09. Improvement: 7.12994e+08
Swapping 33 for 15. Swap number 11. Current cost: 8.62411e+09. Improvement: 2.02576e+08
Swapping 118 for 33. Swap number 12. Current cost: 8.36009e+09. Improvement: 6.25892e+07
Swapping 6 for 38714. Swap number 13. Current cost: 8.29067e+09. Improvement: 2.25434e+08
Swapping 21 for 1. Swap number 14. Current cost: 7.46269e+09. Improvement: 1.23474e+07
Swapping 0 for 59383. Swap number 15. Current cost: 7.44824e+09. Improvement: 5.36206e+06
Swapping 2 for 0. Swap number 16. Current cost: 7.42418e+09. Improvement: 2.37185e+08
Swapping 24702 for 2. Swap number 17. Current cost: 7.16664e+09. Improvement: 446488
Swapping 177 for 6. Swap number 18. Current cost: 7.16577e+09. Improvement: 4.48616e+06
Swapping 298 for 177. Swap number 19. Current cost: 7.15993e+09. Improvement: 4.71058e+06
Swapping 528 for 298. Swap number 20. Current cost: 7.15333e+09. Improvement: 1.16051e+06
Swapping 1487 for 528. Swap number 21. Current cost: 7.152e+09. Improvement: 5.18072e+06
Swapping 31418 for 1487. Swap number 22. Current cost: 7.14682e+09. Improvement: 1.69725e+06
Swapping 9 for 11334. Swap number 23. Current cost: 7.14513e+09. Improvement: 2.84348e+06
Swapping 174 for 9. Swap number 24. Current cost: 6.85788e+09. Improvement: 2.96139e+06
Swapping 235 for 174. Swap number 25. Current cost: 6.83805e+09. Improvement: 1.70908e+07
Swapping 1761 for 235. Swap number 26. Current cost: 6.78369e+09. Improvement: 4.31198e+06
Swapping 6742 for 1761. Swap number 27. Current cost: 6.77866e+09. Improvement: 2.49799e+06
Swapping 58 for 11. Swap number 28. Current cost: 6.77362e+09. Improvement: 7.89461e+07
Swapping 11672 for 6742. Swap number 29. Current cost: 6.68089e+09. Improvement: 2.79596e+06
Swapping 21457 for 11672. Swap number 30. Current cost: 6.67372e+09. Improvement: 1.40969e+06
Swapping 43453 for 21457. Swap number 31. Current cost: 6.67137e+09. Improvement: 1.69831e+06
Swapping 243 for 3. Swap number 32. Current cost: 6.66965e+09. Improvement: 208732
Swapping 302 for 243. Swap number 33. Current cost: 6.66929e+09. Improvement: 2.39026e+06
Swapping 638 for 302. Swap number 34. Current cost: 6.66676e+09. Improvement: 1.88587e+06
Swapping 8360 for 638. Swap number 35. Current cost: 6.64476e+09. Improvement: 806853
Swapping 298 for 31418. Swap number 36. Current cost: 6.64395e+09. Improvement: 2.03409e+06
Swapping 781 for 298. Swap number 37. Current cost: 6.64047e+09. Improvement: 1.73524e+06
Swapping 37428 for 24702. Swap number 38. Current cost: 6.63874e+09. Improvement: 337704
Swapping 14127 for 781. Swap number 39. Current cost: 6.63825e+09. Improvement: 671569
Swapping 19394 for 8360. Swap number 40. Current cost: 6.63755e+09. Improvement: 1.71676e+06
Swapping 28621 for 19394. Swap number 41. Current cost: 6.63583e+09. Improvement: 737743
Swapping 333 for 58. Swap number 42. Current cost: 6.63509e+09. Improvement: 1.03027e+07
Swapping 639 for 333. Swap number 43. Current cost: 6.62261e+09. Improvement: 4.8574e+07
Swapping 52 for 118. Swap number 44. Current cost: 6.57403e+09. Improvement: 2.43445e+07
Swapping 1766 for 52. Swap number 45. Current cost: 6.54404e+09. Improvement: 2.57182e+06
Swapping 1792 for 1766. Swap number 46. Current cost: 6.54146e+09. Improvement: 1.18513e+06
Swapping 6747 for 1792. Swap number 47. Current cost: 6.54025e+09. Improvement: 1.83581e+07
Swapping 6493 for 639. Swap number 48. Current cost: 6.52187e+09. Improvement: 3.06708e+06
Swapping 6721 for 6493. Swap number 49. Current cost: 6.5188e+09. Improvement: 2.64668e+06
Swapping 38 for 56712. Swap number 50. Current cost: 6.51615e+09. Improvement: 1.23932e+08
Swapping 221 for 38. Swap number 51. Current cost: 6.3716e+09. Improvement: 114562
Swapping 236 for 221. Swap number 52. Current cost: 6.31717e+09. Improvement: 2.7944e+07
Swapping 17457 for 6721. Swap number 53. Current cost: 6.28394e+09. Improvement: 6.47241e+06
Swapping 52886 for 17457. Swap number 54. Current cost: 6.27536e+09. Improvement: 4.37049e+06
Swapping 1041 for 236. Swap number 55. Current cost: 6.27056e+09. Improvement: 9.35178e+06
Swapping 8166 for 1041. Swap number 56. Current cost: 6.26094e+09. Improvement: 2.25009e+06
Swapping 8692 for 8166. Swap number 57. Current cost: 6.25844e+09. Improvement: 4.2523e+06
Swapping 343 for 6747. Swap number 58. Current cost: 6.25376e+09. Improvement: 4.73872e+06
Swapping 206 for 8048. Swap number 59. Current cost: 6.20774e+09. Improvement: 6.0999e+07
Swapping 303 for 206. Swap number 60. Current cost: 6.13033e+09. Improvement: 1.18014e+07
Swapping 408 for 303. Swap number 61. Current cost: 6.11737e+09. Improvement: 3.15171e+06
Swapping 1805 for 408. Swap number 62. Current cost: 6.11419e+09. Improvement: 8.43276e+06
Swapping 21457 for 43453. Swap number 63. Current cost: 6.10564e+09. Improvement: 61996.6
Swapping 12549 for 1805. Swap number 64. Current cost: 6.10557e+09. Improvement: 1.26195e+06
Swapping 27948 for 21457. Swap number 65. Current cost: 6.10431e+09. Improvement: 202435
Swapping 24826 for 8692. Swap number 66. Current cost: 6.08432e+09. Improvement: 3.89094e+06
Swapping 1 for 21. Swap number 67. Current cost: 6.07688e+09. Improvement: 4.72581e+06
Swapping 25 for 1. Swap number 68. Current cost: 6.06941e+09. Improvement: 1.83406e+07
Swapping 1008 for 25. Swap number 69. Current cost: 6.05085e+09. Improvement: 64036.8
Swapping 96 for 26217. Swap number 70. Current cost: 6.0507e+09. Improvement: 1.39462e+07
Swapping 2812 for 96. Swap number 71. Current cost: 6.03661e+09. Improvement: 1.10002e+07
Swapping 7917 for 37428. Swap number 72. Current cost: 6.02074e+09. Improvement: 1.88001e+06
Swapping 13495 for 343. Swap number 73. Current cost: 6.01842e+09. Improvement: 482114
Swapping 28079 for 13495. Swap number 74. Current cost: 6.01794e+09. Improvement: 646944
Swapping 30355 for 28079. Swap number 75. Current cost: 6.01725e+09. Improvement: 3.69501e+06
Swapping 38898 for 30355. Swap number 76. Current cost: 6.01313e+09. Improvement: 224303
Swapping 43391 for 38898. Swap number 77. Current cost: 6.01288e+09. Improvement: 1.72824e+06
Swapping 2100 for 1008. Swap number 78. Current cost: 6.0109e+09. Improvement: 10194.5
Swapping 2571 for 2100. Swap number 79. Current cost: 6.01089e+09. Improvement: 412379
Swapping 3302 for 2571. Swap number 80. Current cost: 6.01047e+09. Improvement: 447096
Swapping 3606 for 3302. Swap number 81. Current cost: 6.01001e+09. Improvement: 89167.2
Swapping 3918 for 3606. Swap number 82. Current cost: 6.00992e+09. Improvement: 141100
Swapping 4724 for 3918. Swap number 83. Current cost: 6.00978e+09. Improvement: 2.98334e+06
Swapping 4974 for 4724. Swap number 84. Current cost: 6.00673e+09. Improvement: 1.94271e+06
Finished in 84 swaps by exhausting all potential improvements. Final cost: 6004782776.998627
[Phase 3] Local search completed. Cost for solution: 6.00478e+09
mean
(    0.180832 )
(   0.0732389 )
(   0.0597758 )
(   0.0482662 )
(   0.0246107 )
(    0.022302 )
(   0.0163072 )
(  0.00929113 )
(  0.00688635 )
max
(    0.559415 )
(    0.317812 )
(    0.209541 )
(    0.156824 )
(    0.103227 )
(   0.0807731 )
(   0.0703846 )
(   0.0426364 )
(   0.0251224 )
min
( 8.00225e-06 )
( 1.97497e-05 )
( 1.46357e-05 )
( 4.33427e-06 )
( 1.34673e-05 )
(  1.1454e-05 )
( 1.15808e-06 )
( 1.73221e-06 )
( 3.71685e-06 )
	Command being timed: "./fastkzclustexp -S50000 -M550000000000 -t5000 -c10 -c50 -c100 -c250 -c500 -c1000 -c2500 -c5000 -c10000 -p50 ../data/paraguay.osm.gr"
	User time (seconds): 66950.77
	System time (seconds): 4708.79
	Percent of CPU this job got: 1504%
	Elapsed (wall clock) time (h:mm:ss or m:ss): 1:19:23
	Average shared text size (kbytes): 0
	Average unshared data size (kbytes): 0
	Average stack size (kbytes): 0
	Average total size (kbytes): 0
	Maximum resident set size (kbytes): 15892532
	Average resident set size (kbytes): 0
	Major (requiring I/O) page faults: 0
	Minor (reclaiming a frame) page faults: 116567217
	Voluntary context switches: 334663
	Involuntary context switches: 103715
	Swaps: 0
	File system inputs: 0
	File system outputs: 9304
	Socket messages sent: 0
	Socket messages received: 0
	Signals delivered: 0
	Page size (bytes): 4096
	Exit status: 0
